[14.02.2016 10:36:16.365] Ошибка при создании бокового меню NavController/Menu: System.ArgumentException: An item with the same key has already been added.
   at System.ThrowHelper.ThrowArgumentException(ExceptionResource resource)
   at System.Collections.Generic.Dictionary`2.Insert(TKey key, TValue value, Boolean add)
   at System.Collections.Generic.Dictionary`2.Add(TKey key, TValue value)
   at evrostroy.Web.Controllers.NavController.Menu() in D:\GitHub\evrostroy\evrostroy\evrostroy.Web\Controllers\NavController.cs:line 127
[14.02.2016 10:44:30.986] Ошибка при создании бокового меню NavController/Menu: System.ArgumentException: An item with the same key has already been added.
   at System.ThrowHelper.ThrowArgumentException(ExceptionResource resource)
   at System.Collections.Generic.Dictionary`2.Insert(TKey key, TValue value, Boolean add)
   at System.Collections.Generic.Dictionary`2.Add(TKey key, TValue value)
   at evrostroy.Web.Controllers.NavController.Menu() in D:\GitHub\evrostroy\evrostroy\evrostroy.Web\Controllers\NavController.cs:line 127
[14.02.2016 10:45:02.742] Ошибка при создании бокового меню NavController/Menu: System.ArgumentException: An item with the same key has already been added.
   at System.ThrowHelper.ThrowArgumentException(ExceptionResource resource)
   at System.Collections.Generic.Dictionary`2.Insert(TKey key, TValue value, Boolean add)
   at System.Collections.Generic.Dictionary`2.Add(TKey key, TValue value)
   at evrostroy.Web.Controllers.NavController.Menu() in D:\GitHub\evrostroy\evrostroy\evrostroy.Web\Controllers\NavController.cs:line 127
[14.02.2016 10:45:50.038] Ошибка при создании бокового меню NavController/Menu: System.ArgumentException: An item with the same key has already been added.
   at System.ThrowHelper.ThrowArgumentException(ExceptionResource resource)
   at System.Collections.Generic.Dictionary`2.Insert(TKey key, TValue value, Boolean add)
   at System.Collections.Generic.Dictionary`2.Add(TKey key, TValue value)
   at evrostroy.Web.Controllers.NavController.Menu() in D:\GitHub\evrostroy\evrostroy\evrostroy.Web\Controllers\NavController.cs:line 127
[14.02.2016 10:55:49.797] Ошибка при создании бокового меню NavController/Menu: System.ArgumentException: An item with the same key has already been added.
   at System.ThrowHelper.ThrowArgumentException(ExceptionResource resource)
   at System.Collections.Generic.Dictionary`2.Insert(TKey key, TValue value, Boolean add)
   at System.Collections.Generic.Dictionary`2.Add(TKey key, TValue value)
   at evrostroy.Web.Controllers.NavController.Menu() in D:\GitHub\evrostroy\evrostroy\evrostroy.Web\Controllers\NavController.cs:line 127
[14.02.2016 11:06:18.681] Ошибка при создании бокового меню NavController/Menu: System.ArgumentException: An item with the same key has already been added.
   at System.ThrowHelper.ThrowArgumentException(ExceptionResource resource)
   at System.Collections.Generic.Dictionary`2.Insert(TKey key, TValue value, Boolean add)
   at System.Collections.Generic.Dictionary`2.Add(TKey key, TValue value)
   at evrostroy.Web.Controllers.NavController.Menu() in D:\GitHub\evrostroy\evrostroy\evrostroy.Web\Controllers\NavController.cs:line 127
[14.02.2016 11:12:01.265] Ошибка при создании бокового меню NavController/Menu: System.ArgumentException: An item with the same key has already been added.
   at System.ThrowHelper.ThrowArgumentException(ExceptionResource resource)
   at System.Collections.Generic.Dictionary`2.Insert(TKey key, TValue value, Boolean add)
   at System.Collections.Generic.Dictionary`2.Add(TKey key, TValue value)
   at evrostroy.Web.Controllers.NavController.Menu() in D:\GitHub\evrostroy\evrostroy\evrostroy.Web\Controllers\NavController.cs:line 124
